<?xml version="1.0" encoding="UTF-8"?>
<!-- Generated by org.testng.reporters.JUnitXMLReporter -->
<testsuite ignored="0" hostname="LAPTOP-L5DFEFNE" failures="2" tests="7" name="Login-Tests" time="28.518" errors="0" timestamp="2026-06-10T20:06:13 IST">
  <testcase classname="tests.LoginTest" name="tc_LT_003_dataDriverInValidLogin" time="0.631">
    <failure type="java.lang.AssertionError" message="Error message Epic sadface: Username is required expected [true] but found [false]">
      <![CDATA[java.lang.AssertionError: Error message Epic sadface: Username is required expected [true] but found [false]
at tests.LoginTest.tc_LT_003_dataDriverInValidLogin(LoginTest.java:42)
at java.base/java.util.ArrayList.forEach(ArrayList.java:1604)
... Removed 28 stack frames]]>
    </failure>
  </testcase> <!-- tc_LT_003_dataDriverInValidLogin -->
  <testcase classname="tests.LoginTest" name="tc_LT_003_dataDriverInValidLogin" time="0.543"/>
  <testcase classname="tests.LoginTest" name="tc_LT_003_dataDriverInValidLogin" time="0.592">
    <failure type="java.lang.AssertionError" message="Error message Epic sadface: Username and password do not match any user in this service expected [true] but found [false]">
      <![CDATA[java.lang.AssertionError: Error message Epic sadface: Username and password do not match any user in this service expected [true] but found [false]
at tests.LoginTest.tc_LT_003_dataDriverInValidLogin(LoginTest.java:42)
at java.base/java.util.ArrayList.forEach(ArrayList.java:1604)
... Removed 28 stack frames]]>
    </failure>
  </testcase> <!-- tc_LT_003_dataDriverInValidLogin -->
  <testcase classname="tests.LoginTest" name="tc_LT_003_dataDriverInValidLogin" time="0.77"/>
  <testcase classname="tests.LoginTest" name="tc_LT_003_dataDriverValidLogin" time="0.608"/>
  <testcase classname="tests.LoginTest" name="tc_LT_003_dataDriverValidLogin" time="0.929"/>
  <testcase classname="tests.LoginTest" name="tc_LT_003_dataDriverValidLogin" time="5.626"/>
</testsuite> <!-- Login-Tests -->
