<?xml version="1.0" encoding="UTF-8"?>
<!-- Generated by org.testng.reporters.JUnitXMLReporter -->
<testsuite ignored="0" hostname="LAPTOP-L5DFEFNE" failures="0" tests="9" name="Login-Tests" time="34.945" errors="0" timestamp="2026-06-18T22:10:13 IST">
  <testcase classname="tests.LoginTest" name="tc_LT_001_validLogin" time="1.182"/>
  <testcase classname="tests.LoginTest" name="tc_LT_002_lockedOutUser" time="0.849"/>
  <testcase classname="tests.LoginTest" name="tc_LT_003_dataDriverInValidLogin" time="1.114"/>
  <testcase classname="tests.LoginTest" name="tc_LT_003_dataDriverInValidLogin" time="1.031"/>
  <testcase classname="tests.LoginTest" name="tc_LT_003_dataDriverInValidLogin" time="0.818"/>
  <testcase classname="tests.LoginTest" name="tc_LT_003_dataDriverInValidLogin" time="1.101"/>
  <testcase classname="tests.LoginTest" name="tc_LT_003_dataDriverValidLogin" time="0.796"/>
  <testcase classname="tests.LoginTest" name="tc_LT_003_dataDriverValidLogin" time="1.078"/>
  <testcase classname="tests.LoginTest" name="tc_LT_003_dataDriverValidLogin" time="5.925"/>
</testsuite> <!-- Login-Tests -->
