<?xml version="1.0" encoding="UTF-8"?>
<!-- Generated by org.testng.reporters.JUnitXMLReporter -->
<testsuite ignored="0" hostname="LAPTOP-L5DFEFNE" failures="0" tests="9" name="Login-Tests" time="38.21" errors="0" timestamp="2026-06-18T18:37:29 IST">
  <testcase classname="tests.LoginTest" name="tc_LT_001_validLogin" time="1.155"/>
  <testcase classname="tests.LoginTest" name="tc_LT_002_lockedOutUser" time="1.156"/>
  <testcase classname="tests.LoginTest" name="tc_LT_003_dataDriverInValidLogin" time="0.911"/>
  <testcase classname="tests.LoginTest" name="tc_LT_003_dataDriverInValidLogin" time="1.201"/>
  <testcase classname="tests.LoginTest" name="tc_LT_003_dataDriverInValidLogin" time="0.937"/>
  <testcase classname="tests.LoginTest" name="tc_LT_003_dataDriverInValidLogin" time="0.75"/>
  <testcase classname="tests.LoginTest" name="tc_LT_003_dataDriverValidLogin" time="0.819"/>
  <testcase classname="tests.LoginTest" name="tc_LT_003_dataDriverValidLogin" time="1.009"/>
  <testcase classname="tests.LoginTest" name="tc_LT_003_dataDriverValidLogin" time="5.944"/>
</testsuite> <!-- Login-Tests -->
