<?xml version="1.0" encoding="UTF-8"?>
<testsuite xmlns:xsi="http://www.w3.org/2001/XMLSchema-instance" xsi:noNamespaceSchemaLocation="https://maven.apache.org/surefire/maven-surefire-plugin/xsd/surefire-test-report.xsd" version="3.0.2" name="TestSuite" time="39.385" tests="9" errors="0" skipped="0" failures="0" flakes="0">
  <properties>
[...]
</properties>
  <testcase name="tc_LT_001_validLogin" classname="tests.LoginTest" time="1.155">
    <system-out><![CDATA[18:36:50.812 [main] INFO  base.BaseTest - Suite Initialised
18:36:50.931 [main] INFO  reports.ExtentManager - ExtentReport created report path::reports/extent-reports/ExtentReport.html
18:36:50.933 [main] INFO  listners.TestListner - Suite started:Login-Tests
>>>setting browserchrome--Urlhttps://www.saucedemo.com/
18:36:55.863 [main] INFO  listners.TestListner - Test started:tc_LT_001_validLogin
18:36:55.963 [main] INFO  pages.LoginPage - logging as user standard_user
18:36:55.963 [main] INFO  pages.LoginPage - Entering userName:standard_user
18:36:56.345 [main] INFO  pages.LoginPage - Entering password:secret_sauce
18:36:56.778 [main] INFO  pages.LoginPage - clicking login Button
18:36:57.012 [main] INFO  listners.TestListner - PASS:tc_LT_001_validLogin
]]></system-out>
    <system-err><![CDATA[SLF4J(W): No SLF4J providers were found.
SLF4J(W): Defaulting to no-operation (NOP) logger implementation
SLF4J(W): See https://www.slf4j.org/codes.html#noProviders for further details.
Jun 18, 2026 6:36:54 PM org.openqa.selenium.devtools.CdpVersionFinder findNearestMatch
WARNING: Unable to find an exact match for CDP version 149, returning the closest version; found: 145; Please update to a Selenium version that supports CDP version 149
]]></system-err>
  </testcase>
  <testcase name="tc_LT_002_lockedOutUser" classname="tests.LoginTest" time="1.16">
    <system-out><![CDATA[>>TearDown Method...Closing Browser
>>>setting browserchrome--Urlhttps://www.saucedemo.com/
18:36:59.309 [main] INFO  listners.TestListner - Test started:tc_LT_002_lockedOutUser
18:36:59.312 [main] INFO  pages.LoginPage - logging as user locked_out_user
18:36:59.312 [main] INFO  pages.LoginPage - Entering userName:locked_out_user
18:36:59.664 [main] INFO  pages.LoginPage - Entering password:secret_sauce
18:37:00.052 [main] INFO  pages.LoginPage - clicking login Button
18:37:00.465 [main] INFO  listners.TestListner - PASS:tc_LT_002_lockedOutUser
]]></system-out>
    <system-err><![CDATA[Jun 18, 2026 6:36:58 PM org.openqa.selenium.devtools.CdpVersionFinder findNearestMatch
WARNING: Unable to find an exact match for CDP version 149, returning the closest version; found: 145; Please update to a Selenium version that supports CDP version 149
]]></system-err>
  </testcase>
  <testcase name="tc_LT_003_dataDriverInValidLogin[, secret_sauce, Epic sadface: Username is required](1)" classname="tests.LoginTest" time="0.91">
    <system-out><![CDATA[>>TearDown Method...Closing Browser
Data provider accessed4
>>>setting browserchrome--Urlhttps://www.saucedemo.com/
18:37:03.342 [main] INFO  listners.TestListner - Test started:tc_LT_003_dataDriverInValidLogin
18:37:03.342 [main] INFO  pages.LoginPage - logging as user 
18:37:03.342 [main] INFO  pages.LoginPage - Entering userName:
18:37:03.688 [main] INFO  pages.LoginPage - Entering password:secret_sauce
18:37:04.050 [main] INFO  pages.LoginPage - clicking login Button
18:37:04.252 [main] INFO  listners.TestListner - PASS:tc_LT_003_dataDriverInValidLogin
]]></system-out>
    <system-err><![CDATA[Jun 18, 2026 6:37:02 PM org.openqa.selenium.devtools.CdpVersionFinder findNearestMatch
WARNING: Unable to find an exact match for CDP version 149, returning the closest version; found: 145; Please update to a Selenium version that supports CDP version 149
]]></system-err>
  </testcase>
  <testcase name="tc_LT_003_dataDriverInValidLogin[standard_user, , Password is required](2)" classname="tests.LoginTest" time="1.197">
    <system-out><![CDATA[>>TearDown Method...Closing Browser
>>>setting browserchrome--Urlhttps://www.saucedemo.com/
18:37:06.548 [main] INFO  listners.TestListner - Test started:tc_LT_003_dataDriverInValidLogin
18:37:06.552 [main] INFO  pages.LoginPage - logging as user standard_user
18:37:06.552 [main] INFO  pages.LoginPage - Entering userName:standard_user
18:37:06.936 [main] INFO  pages.LoginPage - Entering password:
18:37:07.391 [main] INFO  pages.LoginPage - clicking login Button
18:37:07.747 [main] INFO  listners.TestListner - PASS:tc_LT_003_dataDriverInValidLogin
]]></system-out>
    <system-err><![CDATA[Jun 18, 2026 6:37:05 PM org.openqa.selenium.devtools.CdpVersionFinder findNearestMatch
WARNING: Unable to find an exact match for CDP version 149, returning the closest version; found: 145; Please update to a Selenium version that supports CDP version 149
]]></system-err>
  </testcase>
  <testcase name="tc_LT_003_dataDriverInValidLogin[wrong_user, wrong_user, Username and password do not match any user in this service](3)" classname="tests.LoginTest" time="0.941">
    <system-out><![CDATA[>>TearDown Method...Closing Browser
>>>setting browserchrome--Urlhttps://www.saucedemo.com/
18:37:10.293 [main] INFO  listners.TestListner - Test started:tc_LT_003_dataDriverInValidLogin
18:37:10.299 [main] INFO  pages.LoginPage - logging as user wrong_user
18:37:10.299 [main] INFO  pages.LoginPage - Entering userName:wrong_user
18:37:10.637 [main] INFO  pages.LoginPage - Entering password:wrong_user
18:37:10.936 [main] INFO  pages.LoginPage - clicking login Button
18:37:11.231 [main] INFO  listners.TestListner - PASS:tc_LT_003_dataDriverInValidLogin
]]></system-out>
    <system-err><![CDATA[Jun 18, 2026 6:37:09 PM org.openqa.selenium.devtools.CdpVersionFinder findNearestMatch
WARNING: Unable to find an exact match for CDP version 149, returning the closest version; found: 145; Please update to a Selenium version that supports CDP version 149
]]></system-err>
  </testcase>
  <testcase name="tc_LT_003_dataDriverInValidLogin[locked_out_user, secret_sauce, Sorry, this user has been locked out.](4)" classname="tests.LoginTest" time="0.75">
    <system-out><![CDATA[>>TearDown Method...Closing Browser
>>>setting browserchrome--Urlhttps://www.saucedemo.com/
18:37:13.174 [main] INFO  listners.TestListner - Test started:tc_LT_003_dataDriverInValidLogin
18:37:13.174 [main] INFO  pages.LoginPage - logging as user locked_out_user
18:37:13.179 [main] INFO  pages.LoginPage - Entering userName:locked_out_user
18:37:13.470 [main] INFO  pages.LoginPage - Entering password:secret_sauce
18:37:13.770 [main] INFO  pages.LoginPage - clicking login Button
18:37:13.924 [main] INFO  listners.TestListner - PASS:tc_LT_003_dataDriverInValidLogin
]]></system-out>
    <system-err><![CDATA[Jun 18, 2026 6:37:12 PM org.openqa.selenium.devtools.CdpVersionFinder findNearestMatch
WARNING: Unable to find an exact match for CDP version 149, returning the closest version; found: 145; Please update to a Selenium version that supports CDP version 149
]]></system-err>
  </testcase>
  <testcase name="tc_LT_003_dataDriverValidLogin[standard_user, secret_sauce](1)" classname="tests.LoginTest" time="0.819">
    <system-out><![CDATA[>>TearDown Method...Closing Browser
Data provider accessed3
>>>setting browserchrome--Urlhttps://www.saucedemo.com/
18:37:16.484 [main] INFO  listners.TestListner - Test started:tc_LT_003_dataDriverValidLogin
18:37:16.493 [main] INFO  pages.LoginPage - logging as user standard_user
18:37:16.500 [main] INFO  pages.LoginPage - Entering userName:standard_user
18:37:16.850 [main] INFO  pages.LoginPage - Entering password:secret_sauce
18:37:17.189 [main] INFO  pages.LoginPage - clicking login Button
18:37:17.303 [main] INFO  listners.TestListner - PASS:tc_LT_003_dataDriverValidLogin
]]></system-out>
    <system-err><![CDATA[Jun 18, 2026 6:37:15 PM org.openqa.selenium.devtools.CdpVersionFinder findNearestMatch
WARNING: Unable to find an exact match for CDP version 149, returning the closest version; found: 145; Please update to a Selenium version that supports CDP version 149
]]></system-err>
  </testcase>
  <testcase name="tc_LT_003_dataDriverValidLogin[problem_user, secret_sauce](2)" classname="tests.LoginTest" time="1.004">
    <system-out><![CDATA[>>TearDown Method...Closing Browser
>>>setting browserchrome--Urlhttps://www.saucedemo.com/
18:37:19.558 [main] INFO  listners.TestListner - Test started:tc_LT_003_dataDriverValidLogin
18:37:19.561 [main] INFO  pages.LoginPage - logging as user problem_user
18:37:19.564 [main] INFO  pages.LoginPage - Entering userName:problem_user
18:37:19.880 [main] INFO  pages.LoginPage - Entering password:secret_sauce
18:37:20.263 [main] INFO  pages.LoginPage - clicking login Button
18:37:20.564 [main] INFO  listners.TestListner - PASS:tc_LT_003_dataDriverValidLogin
]]></system-out>
    <system-err><![CDATA[Jun 18, 2026 6:37:18 PM org.openqa.selenium.devtools.CdpVersionFinder findNearestMatch
WARNING: Unable to find an exact match for CDP version 149, returning the closest version; found: 145; Please update to a Selenium version that supports CDP version 149
]]></system-err>
  </testcase>
  <testcase name="tc_LT_003_dataDriverValidLogin[performance_glitch_user, secret_sauce](3)" classname="tests.LoginTest" time="5.965">
    <system-out><![CDATA[>>TearDown Method...Closing Browser
>>>setting browserchrome--Urlhttps://www.saucedemo.com/
18:37:22.721 [main] INFO  listners.TestListner - Test started:tc_LT_003_dataDriverValidLogin
18:37:22.721 [main] INFO  pages.LoginPage - logging as user performance_glitch_user
18:37:22.721 [main] INFO  pages.LoginPage - Entering userName:performance_glitch_user
18:37:23.028 [main] INFO  pages.LoginPage - Entering password:secret_sauce
18:37:23.408 [main] INFO  pages.LoginPage - clicking login Button
18:37:28.681 [main] INFO  listners.TestListner - PASS:tc_LT_003_dataDriverValidLogin
]]></system-out>
    <system-err><![CDATA[Jun 18, 2026 6:37:21 PM org.openqa.selenium.devtools.CdpVersionFinder findNearestMatch
WARNING: Unable to find an exact match for CDP version 149, returning the closest version; found: 145; Please update to a Selenium version that supports CDP version 149
]]></system-err>
  </testcase>
</testsuite>