<?xml version="1.0" encoding="UTF-8"?>
<testng-results ignored="0" total="9" passed="9" failed="0" skipped="0">
  <reporter-output>
  </reporter-output>
  <suite started-at="2026-06-18T22:09:38 IST" name="Hybrid-Framework-Suite" finished-at="2026-06-18T22:10:13 IST" duration-ms="34945">
    <groups>
      <group name="regression">
        <method signature="LoginTest.tc_LT_003_dataDriverValidLogin(java.lang.String,java.lang.String)[pri:0, instance:tests.LoginTest@a307a8c]" name="tc_LT_003_dataDriverValidLogin" class="tests.LoginTest"/>
      </group> <!-- regression -->
      <group name="smoke">
        <method signature="LoginTest.tc_LT_001_validLogin()[pri:0, instance:tests.LoginTest@a307a8c]" name="tc_LT_001_validLogin" class="tests.LoginTest"/>
      </group> <!-- smoke -->
    </groups>
    <test started-at="2026-06-18T22:09:38 IST" name="Login-Tests" finished-at="2026-06-18T22:10:13 IST" duration-ms="34945">
      <class name="tests.LoginTest">
        <test-method is-config="true" signature="suiteSetUp()[pri:0, instance:tests.LoginTest@a307a8c]" started-at="2026-06-18T22:09:38 IST" name="suiteSetUp" finished-at="2026-06-18T22:09:38 IST" duration-ms="124" status="PASS">
          <reporter-output>
          </reporter-output>
        </test-method> <!-- suiteSetUp -->
        <test-method is-config="true" signature="setUp()[pri:0, instance:tests.LoginTest@a307a8c]" started-at="2026-06-18T22:09:38 IST" name="setUp" finished-at="2026-06-18T22:09:41 IST" duration-ms="2415" status="PASS">
          <reporter-output>
          </reporter-output>
        </test-method> <!-- setUp -->
        <test-method signature="tc_LT_001_validLogin()[pri:0, instance:tests.LoginTest@a307a8c]" started-at="2026-06-18T22:09:41 IST" name="tc_LT_001_validLogin" finished-at="2026-06-18T22:09:42 IST" duration-ms="1182" status="PASS">
          <reporter-output>
          </reporter-output>
        </test-method> <!-- tc_LT_001_validLogin -->
        <test-method is-config="true" signature="tearDown()[pri:0, instance:tests.LoginTest@a307a8c]" started-at="2026-06-18T22:09:42 IST" name="tearDown" finished-at="2026-06-18T22:09:42 IST" duration-ms="264" status="PASS">
          <reporter-output>
          </reporter-output>
        </test-method> <!-- tearDown -->
        <test-method is-config="true" signature="setUp()[pri:0, instance:tests.LoginTest@a307a8c]" started-at="2026-06-18T22:09:42 IST" name="setUp" finished-at="2026-06-18T22:09:44 IST" duration-ms="1716" status="PASS">
          <reporter-output>
          </reporter-output>
        </test-method> <!-- setUp -->
        <test-method signature="tc_LT_002_lockedOutUser()[pri:0, instance:tests.LoginTest@a307a8c]" started-at="2026-06-18T22:09:44 IST" name="tc_LT_002_lockedOutUser" finished-at="2026-06-18T22:09:45 IST" duration-ms="849" status="PASS">
          <reporter-output>
          </reporter-output>
        </test-method> <!-- tc_LT_002_lockedOutUser -->
        <test-method is-config="true" signature="tearDown()[pri:0, instance:tests.LoginTest@a307a8c]" started-at="2026-06-18T22:09:45 IST" name="tearDown" finished-at="2026-06-18T22:09:45 IST" duration-ms="530" status="PASS">
          <reporter-output>
          </reporter-output>
        </test-method> <!-- tearDown -->
        <test-method is-config="true" signature="setUp()[pri:0, instance:tests.LoginTest@a307a8c]" started-at="2026-06-18T22:09:46 IST" name="setUp" finished-at="2026-06-18T22:09:48 IST" duration-ms="2492" status="PASS">
          <reporter-output>
          </reporter-output>
        </test-method> <!-- setUp -->
        <test-method signature="tc_LT_003_dataDriverInValidLogin(java.lang.String,java.lang.String,java.lang.String)[pri:0, instance:tests.LoginTest@a307a8c]" started-at="2026-06-18T22:09:48 IST" name="tc_LT_003_dataDriverInValidLogin" data-provider="invalidLoginData" finished-at="2026-06-18T22:09:49 IST" duration-ms="1114" status="PASS">
          <params>
            <param index="0">
              <value>
                <![CDATA[]]>
              </value>
            </param>
            <param index="1">
              <value>
                <![CDATA[secret_sauce]]>
              </value>
            </param>
            <param index="2">
              <value>
                <![CDATA[Epic sadface: Username is required]]>
              </value>
            </param>
          </params>
          <reporter-output>
          </reporter-output>
        </test-method> <!-- tc_LT_003_dataDriverInValidLogin -->
        <test-method is-config="true" signature="tearDown()[pri:0, instance:tests.LoginTest@a307a8c]" started-at="2026-06-18T22:09:49 IST" name="tearDown" finished-at="2026-06-18T22:09:50 IST" duration-ms="355" status="PASS">
          <reporter-output>
          </reporter-output>
        </test-method> <!-- tearDown -->
        <test-method is-config="true" signature="setUp()[pri:0, instance:tests.LoginTest@a307a8c]" started-at="2026-06-18T22:09:50 IST" name="setUp" finished-at="2026-06-18T22:09:52 IST" duration-ms="1774" status="PASS">
          <reporter-output>
          </reporter-output>
        </test-method> <!-- setUp -->
        <test-method signature="tc_LT_003_dataDriverInValidLogin(java.lang.String,java.lang.String,java.lang.String)[pri:0, instance:tests.LoginTest@a307a8c]" started-at="2026-06-18T22:09:52 IST" name="tc_LT_003_dataDriverInValidLogin" data-provider="invalidLoginData" finished-at="2026-06-18T22:09:53 IST" duration-ms="1031" status="PASS">
          <params>
            <param index="0">
              <value>
                <![CDATA[standard_user]]>
              </value>
            </param>
            <param index="1">
              <value>
                <![CDATA[]]>
              </value>
            </param>
            <param index="2">
              <value>
                <![CDATA[Password is required]]>
              </value>
            </param>
          </params>
          <reporter-output>
          </reporter-output>
        </test-method> <!-- tc_LT_003_dataDriverInValidLogin -->
        <test-method is-config="true" signature="tearDown()[pri:0, instance:tests.LoginTest@a307a8c]" started-at="2026-06-18T22:09:53 IST" name="tearDown" finished-at="2026-06-18T22:09:53 IST" duration-ms="272" status="PASS">
          <reporter-output>
          </reporter-output>
        </test-method> <!-- tearDown -->
        <test-method is-config="true" signature="setUp()[pri:0, instance:tests.LoginTest@a307a8c]" started-at="2026-06-18T22:09:53 IST" name="setUp" finished-at="2026-06-18T22:09:55 IST" duration-ms="1743" status="PASS">
          <reporter-output>
          </reporter-output>
        </test-method> <!-- setUp -->
        <test-method signature="tc_LT_003_dataDriverInValidLogin(java.lang.String,java.lang.String,java.lang.String)[pri:0, instance:tests.LoginTest@a307a8c]" started-at="2026-06-18T22:09:55 IST" name="tc_LT_003_dataDriverInValidLogin" data-provider="invalidLoginData" finished-at="2026-06-18T22:09:55 IST" duration-ms="818" status="PASS">
          <params>
            <param index="0">
              <value>
                <![CDATA[wrong_user]]>
              </value>
            </param>
            <param index="1">
              <value>
                <![CDATA[wrong_user]]>
              </value>
            </param>
            <param index="2">
              <value>
                <![CDATA[Username and password do not match any user in this service]]>
              </value>
            </param>
          </params>
          <reporter-output>
          </reporter-output>
        </test-method> <!-- tc_LT_003_dataDriverInValidLogin -->
        <test-method is-config="true" signature="tearDown()[pri:0, instance:tests.LoginTest@a307a8c]" started-at="2026-06-18T22:09:55 IST" name="tearDown" finished-at="2026-06-18T22:09:56 IST" duration-ms="330" status="PASS">
          <reporter-output>
          </reporter-output>
        </test-method> <!-- tearDown -->
        <test-method is-config="true" signature="setUp()[pri:0, instance:tests.LoginTest@a307a8c]" started-at="2026-06-18T22:09:56 IST" name="setUp" finished-at="2026-06-18T22:09:57 IST" duration-ms="1716" status="PASS">
          <reporter-output>
          </reporter-output>
        </test-method> <!-- setUp -->
        <test-method signature="tc_LT_003_dataDriverInValidLogin(java.lang.String,java.lang.String,java.lang.String)[pri:0, instance:tests.LoginTest@a307a8c]" started-at="2026-06-18T22:09:57 IST" name="tc_LT_003_dataDriverInValidLogin" data-provider="invalidLoginData" finished-at="2026-06-18T22:09:59 IST" duration-ms="1101" status="PASS">
          <params>
            <param index="0">
              <value>
                <![CDATA[locked_out_user]]>
              </value>
            </param>
            <param index="1">
              <value>
                <![CDATA[secret_sauce]]>
              </value>
            </param>
            <param index="2">
              <value>
                <![CDATA[Sorry, this user has been locked out.]]>
              </value>
            </param>
          </params>
          <reporter-output>
          </reporter-output>
        </test-method> <!-- tc_LT_003_dataDriverInValidLogin -->
        <test-method is-config="true" signature="tearDown()[pri:0, instance:tests.LoginTest@a307a8c]" started-at="2026-06-18T22:09:59 IST" name="tearDown" finished-at="2026-06-18T22:09:59 IST" duration-ms="310" status="PASS">
          <reporter-output>
          </reporter-output>
        </test-method> <!-- tearDown -->
        <test-method is-config="true" signature="setUp()[pri:0, instance:tests.LoginTest@a307a8c]" started-at="2026-06-18T22:09:59 IST" name="setUp" finished-at="2026-06-18T22:10:01 IST" duration-ms="1669" status="PASS">
          <reporter-output>
          </reporter-output>
        </test-method> <!-- setUp -->
        <test-method signature="tc_LT_003_dataDriverValidLogin(java.lang.String,java.lang.String)[pri:0, instance:tests.LoginTest@a307a8c]" started-at="2026-06-18T22:10:01 IST" name="tc_LT_003_dataDriverValidLogin" data-provider="validLoginData" finished-at="2026-06-18T22:10:02 IST" duration-ms="796" status="PASS">
          <params>
            <param index="0">
              <value>
                <![CDATA[standard_user]]>
              </value>
            </param>
            <param index="1">
              <value>
                <![CDATA[secret_sauce]]>
              </value>
            </param>
          </params>
          <reporter-output>
          </reporter-output>
        </test-method> <!-- tc_LT_003_dataDriverValidLogin -->
        <test-method is-config="true" signature="tearDown()[pri:0, instance:tests.LoginTest@a307a8c]" started-at="2026-06-18T22:10:02 IST" name="tearDown" finished-at="2026-06-18T22:10:02 IST" duration-ms="276" status="PASS">
          <reporter-output>
          </reporter-output>
        </test-method> <!-- tearDown -->
        <test-method is-config="true" signature="setUp()[pri:0, instance:tests.LoginTest@a307a8c]" started-at="2026-06-18T22:10:02 IST" name="setUp" finished-at="2026-06-18T22:10:04 IST" duration-ms="1868" status="PASS">
          <reporter-output>
          </reporter-output>
        </test-method> <!-- setUp -->
        <test-method signature="tc_LT_003_dataDriverValidLogin(java.lang.String,java.lang.String)[pri:0, instance:tests.LoginTest@a307a8c]" started-at="2026-06-18T22:10:04 IST" name="tc_LT_003_dataDriverValidLogin" data-provider="validLoginData" finished-at="2026-06-18T22:10:05 IST" duration-ms="1078" status="PASS">
          <params>
            <param index="0">
              <value>
                <![CDATA[problem_user]]>
              </value>
            </param>
            <param index="1">
              <value>
                <![CDATA[secret_sauce]]>
              </value>
            </param>
          </params>
          <reporter-output>
          </reporter-output>
        </test-method> <!-- tc_LT_003_dataDriverValidLogin -->
        <test-method is-config="true" signature="tearDown()[pri:0, instance:tests.LoginTest@a307a8c]" started-at="2026-06-18T22:10:05 IST" name="tearDown" finished-at="2026-06-18T22:10:05 IST" duration-ms="307" status="PASS">
          <reporter-output>
          </reporter-output>
        </test-method> <!-- tearDown -->
        <test-method is-config="true" signature="setUp()[pri:0, instance:tests.LoginTest@a307a8c]" started-at="2026-06-18T22:10:05 IST" name="setUp" finished-at="2026-06-18T22:10:07 IST" duration-ms="1708" status="PASS">
          <reporter-output>
          </reporter-output>
        </test-method> <!-- setUp -->
        <test-method signature="tc_LT_003_dataDriverValidLogin(java.lang.String,java.lang.String)[pri:0, instance:tests.LoginTest@a307a8c]" started-at="2026-06-18T22:10:07 IST" name="tc_LT_003_dataDriverValidLogin" data-provider="validLoginData" finished-at="2026-06-18T22:10:13 IST" duration-ms="5925" status="PASS">
          <params>
            <param index="0">
              <value>
                <![CDATA[performance_glitch_user]]>
              </value>
            </param>
            <param index="1">
              <value>
                <![CDATA[secret_sauce]]>
              </value>
            </param>
          </params>
          <reporter-output>
          </reporter-output>
        </test-method> <!-- tc_LT_003_dataDriverValidLogin -->
        <test-method is-config="true" signature="tearDown()[pri:0, instance:tests.LoginTest@a307a8c]" started-at="2026-06-18T22:10:13 IST" name="tearDown" finished-at="2026-06-18T22:10:13 IST" duration-ms="373" status="PASS">
          <reporter-output>
          </reporter-output>
        </test-method> <!-- tearDown -->
        <test-method is-config="true" signature="suiteTearDown()[pri:0, instance:tests.LoginTest@a307a8c]" started-at="2026-06-18T22:10:13 IST" name="suiteTearDown" finished-at="2026-06-18T22:10:13 IST" duration-ms="10" status="PASS">
          <reporter-output>
          </reporter-output>
        </test-method> <!-- suiteTearDown -->
      </class> <!-- tests.LoginTest -->
    </test> <!-- Login-Tests -->
  </suite> <!-- Hybrid-Framework-Suite -->
</testng-results>
