<?xml version="1.0" encoding="UTF-8"?>
<testsuite xmlns:xsi="http://www.w3.org/2001/XMLSchema-instance" xsi:noNamespaceSchemaLocation="https://maven.apache.org/surefire/maven-surefire-plugin/xsd/surefire-test-report.xsd" version="3.0.2" name="TestSuite" time="29.734" tests="9" errors="0" skipped="0" failures="1" flakes="0">
  <properties>
[...]
</properties>
  <testcase name="tc_LT_001_validLogin" classname="tests.LoginTest" time="0.499">
    <system-out><![CDATA[14:05:09.882 [main] INFO  base.BaseTest - Suite Initialised
14:05:09.993 [main] INFO  reports.ExtentManager - ExtentReport created report path::reports/extent-reports/ExtentReport.html
14:05:09.995 [main] INFO  listners.TestListner - Suite started:Login-Tests
>>>setting browserchrome--Urlhttps://www.saucedemo.com/
14:05:13.771 [main] INFO  listners.TestListner - Test started:tc_LT_001_validLogin
14:05:13.852 [main] INFO  pages.LoginPage - logging as user standard_user
14:05:13.852 [main] INFO  pages.LoginPage - Entering userName:standard_user
14:05:14.059 [main] INFO  pages.LoginPage - Entering password:secret_sauce
14:05:14.188 [main] INFO  pages.LoginPage - clicking login Button
14:05:14.269 [main] INFO  listners.TestListner - PASS:tc_LT_001_validLogin
]]></system-out>
    <system-err><![CDATA[SLF4J(W): No SLF4J providers were found.
SLF4J(W): Defaulting to no-operation (NOP) logger implementation
SLF4J(W): See https://www.slf4j.org/codes.html#noProviders for further details.
Jun 18, 2026 2:05:12 PM org.openqa.selenium.devtools.CdpVersionFinder findNearestMatch
WARNING: Unable to find an exact match for CDP version 149, returning the closest version; found: 145; Please update to a Selenium version that supports CDP version 149
]]></system-err>
  </testcase>
  <testcase name="tc_LT_002_lockedOutUser" classname="tests.LoginTest" time="0.365">
    <system-out><![CDATA[>>TearDown Method...Closing Browser
>>>setting browserchrome--Urlhttps://www.saucedemo.com/
14:05:16.275 [main] INFO  listners.TestListner - Test started:tc_LT_002_lockedOutUser
14:05:16.275 [main] INFO  pages.LoginPage - logging as user locked_out_user
14:05:16.275 [main] INFO  pages.LoginPage - Entering userName:locked_out_user
14:05:16.393 [main] INFO  pages.LoginPage - Entering password:secret_sauce
14:05:16.529 [main] INFO  pages.LoginPage - clicking login Button
14:05:16.638 [main] INFO  listners.TestListner - PASS:tc_LT_002_lockedOutUser
]]></system-out>
    <system-err><![CDATA[Jun 18, 2026 2:05:15 PM org.openqa.selenium.devtools.CdpVersionFinder findNearestMatch
WARNING: Unable to find an exact match for CDP version 149, returning the closest version; found: 145; Please update to a Selenium version that supports CDP version 149
]]></system-err>
  </testcase>
  <testcase name="tc_LT_003_dataDriverInValidLogin[, secret_sauce, Epic sadface: Username is required](1)" classname="tests.LoginTest" time="0.319">
    <system-out><![CDATA[>>TearDown Method...Closing Browser
Data provider accessed4
>>>setting browserchrome--Urlhttps://www.saucedemo.com/
14:05:19.968 [main] INFO  listners.TestListner - Test started:tc_LT_003_dataDriverInValidLogin
14:05:19.974 [main] INFO  pages.LoginPage - logging as user 
14:05:19.976 [main] INFO  pages.LoginPage - Entering userName:
14:05:20.096 [main] INFO  pages.LoginPage - Entering password:secret_sauce
14:05:20.211 [main] INFO  pages.LoginPage - clicking login Button
14:05:20.289 [main] INFO  listners.TestListner - PASS:tc_LT_003_dataDriverInValidLogin
]]></system-out>
    <system-err><![CDATA[Jun 18, 2026 2:05:17 PM org.openqa.selenium.devtools.CdpVersionFinder findNearestMatch
WARNING: Unable to find an exact match for CDP version 149, returning the closest version; found: 145; Please update to a Selenium version that supports CDP version 149
]]></system-err>
  </testcase>
  <testcase name="tc_LT_003_dataDriverInValidLogin[standard_user, , Password is required](2)" classname="tests.LoginTest" time="0.428">
    <system-out><![CDATA[>>TearDown Method...Closing Browser
>>>setting browserchrome--Urlhttps://www.saucedemo.com/
14:05:22.268 [main] INFO  listners.TestListner - Test started:tc_LT_003_dataDriverInValidLogin
14:05:22.268 [main] INFO  pages.LoginPage - logging as user standard_user
14:05:22.268 [main] INFO  pages.LoginPage - Entering userName:standard_user
14:05:22.413 [main] INFO  pages.LoginPage - Entering password:
14:05:22.576 [main] INFO  pages.LoginPage - clicking login Button
14:05:22.694 [main] INFO  listners.TestListner - PASS:tc_LT_003_dataDriverInValidLogin
]]></system-out>
    <system-err><![CDATA[Jun 18, 2026 2:05:21 PM org.openqa.selenium.devtools.CdpVersionFinder findNearestMatch
WARNING: Unable to find an exact match for CDP version 149, returning the closest version; found: 145; Please update to a Selenium version that supports CDP version 149
]]></system-err>
  </testcase>
  <testcase name="tc_LT_003_dataDriverInValidLogin[wrong_user, wrong_user, UserName and Password Donot Match](3)" classname="tests.LoginTest" time="0.49">
    <failure message="Error message Epic sadface: Username and password do not match any user in this service expected [true] but found [false]" type="java.lang.AssertionError"><![CDATA[java.lang.AssertionError: Error message Epic sadface: Username and password do not match any user in this service expected [true] but found [false]
	at org.testng.Assert.fail(Assert.java:111)
	at org.testng.Assert.failNotEquals(Assert.java:1590)
	at org.testng.Assert.assertTrue(Assert.java:57)
	at tests.LoginTest.tc_LT_003_dataDriverInValidLogin(LoginTest.java:42)
	at java.base/jdk.internal.reflect.DirectMethodHandleAccessor.invoke(DirectMethodHandleAccessor.java:104)
	at java.base/java.lang.reflect.Method.invoke(Method.java:565)
	at org.testng.internal.invokers.MethodInvocationHelper.invokeMethod(MethodInvocationHelper.java:141)
	at org.testng.internal.invokers.TestInvoker.invokeMethod(TestInvoker.java:697)
	at org.testng.internal.invokers.TestInvoker.invokeTestMethod(TestInvoker.java:230)
	at org.testng.internal.invokers.MethodRunner.runInSequence(MethodRunner.java:63)
	at org.testng.internal.invokers.TestInvoker$MethodInvocationAgent.invoke(TestInvoker.java:1005)
	at org.testng.internal.invokers.TestInvoker.invokeTestMethods(TestInvoker.java:203)
	at org.testng.internal.invokers.TestMethodWorker.invokeTestMethods(TestMethodWorker.java:154)
	at org.testng.internal.invokers.TestMethodWorker.run(TestMethodWorker.java:134)
	at java.base/java.util.ArrayList.forEach(ArrayList.java:1604)
	at org.testng.TestRunner.privateRun(TestRunner.java:744)
	at org.testng.TestRunner.run(TestRunner.java:616)
	at org.testng.SuiteRunner.runTest(SuiteRunner.java:421)
	at org.testng.SuiteRunner.runSequentially(SuiteRunner.java:413)
	at org.testng.SuiteRunner.privateRun(SuiteRunner.java:373)
	at org.testng.SuiteRunner.run(SuiteRunner.java:312)
	at org.testng.SuiteRunnerWorker.runSuite(SuiteRunnerWorker.java:52)
	at org.testng.SuiteRunnerWorker.run(SuiteRunnerWorker.java:95)
	at org.testng.TestNG.runSuitesSequentially(TestNG.java:1274)
	at org.testng.TestNG.runSuitesLocally(TestNG.java:1208)
	at org.testng.TestNG.runSuites(TestNG.java:1112)
	at org.testng.TestNG.run(TestNG.java:1079)
	at org.apache.maven.surefire.testng.TestNGExecutor.run(TestNGExecutor.java:308)
	at org.apache.maven.surefire.testng.TestNGXmlTestSuite.execute(TestNGXmlTestSuite.java:71)
	at org.apache.maven.surefire.testng.TestNGProvider.invoke(TestNGProvider.java:113)
	at org.apache.maven.surefire.booter.ForkedBooter.runSuitesInProcess(ForkedBooter.java:385)
	at org.apache.maven.surefire.booter.ForkedBooter.execute(ForkedBooter.java:162)
	at org.apache.maven.surefire.booter.ForkedBooter.run(ForkedBooter.java:507)
	at org.apache.maven.surefire.booter.ForkedBooter.main(ForkedBooter.java:495)
]]></failure>
    <system-out><![CDATA[>>TearDown Method...Closing Browser
>>>setting browserchrome--Urlhttps://www.saucedemo.com/
14:05:24.418 [main] INFO  listners.TestListner - Test started:tc_LT_003_dataDriverInValidLogin
14:05:24.418 [main] INFO  pages.LoginPage - logging as user wrong_user
14:05:24.418 [main] INFO  pages.LoginPage - Entering userName:wrong_user
14:05:24.564 [main] INFO  pages.LoginPage - Entering password:wrong_user
14:05:24.708 [main] INFO  pages.LoginPage - clicking login Button
14:05:24.791 [main] ERROR listners.TestListner - Fail:tc_LT_003_dataDriverInValidLogin|Error message Epic sadface: Username and password do not match any user in this service expected [true] but found [false]
14:05:24.899 [main] INFO  utils.ScreenShotUtils - Screen shot saved::C:\JavaSeleniumAutomation\AutomationFramework\reports\screenshotstc_LT_003_dataDriverInValidLogin_20260618_140524.png
14:05:24.903 [main] INFO  listners.TestListner - Screenshot attached:C:\JavaSeleniumAutomation\AutomationFramework\reports\screenshotstc_LT_003_dataDriverInValidLogin_20260618_140524.png
]]></system-out>
    <system-err><![CDATA[Jun 18, 2026 2:05:23 PM org.openqa.selenium.devtools.CdpVersionFinder findNearestMatch
WARNING: Unable to find an exact match for CDP version 149, returning the closest version; found: 145; Please update to a Selenium version that supports CDP version 149
]]></system-err>
  </testcase>
  <testcase name="tc_LT_003_dataDriverInValidLogin[locked_out_user, secret_sauce, Sorry, this user has been locked out.](4)" classname="tests.LoginTest" time="0.365">
    <system-out><![CDATA[>>TearDown Method...Closing Browser
>>>setting browserchrome--Urlhttps://www.saucedemo.com/
14:05:26.678 [main] INFO  listners.TestListner - Test started:tc_LT_003_dataDriverInValidLogin
14:05:26.680 [main] INFO  pages.LoginPage - logging as user locked_out_user
14:05:26.682 [main] INFO  pages.LoginPage - Entering userName:locked_out_user
14:05:26.809 [main] INFO  pages.LoginPage - Entering password:secret_sauce
14:05:26.960 [main] INFO  pages.LoginPage - clicking login Button
14:05:27.044 [main] INFO  listners.TestListner - PASS:tc_LT_003_dataDriverInValidLogin
]]></system-out>
    <system-err><![CDATA[Jun 18, 2026 2:05:25 PM org.openqa.selenium.devtools.CdpVersionFinder findNearestMatch
WARNING: Unable to find an exact match for CDP version 149, returning the closest version; found: 145; Please update to a Selenium version that supports CDP version 149
]]></system-err>
  </testcase>
  <testcase name="tc_LT_003_dataDriverValidLogin[standard_user, secret_sauce](1)" classname="tests.LoginTest" time="0.359">
    <system-out><![CDATA[>>TearDown Method...Closing Browser
Data provider accessed3
>>>setting browserchrome--Urlhttps://www.saucedemo.com/
14:05:28.928 [main] INFO  listners.TestListner - Test started:tc_LT_003_dataDriverValidLogin
14:05:28.936 [main] INFO  pages.LoginPage - logging as user standard_user
14:05:28.936 [main] INFO  pages.LoginPage - Entering userName:standard_user
14:05:29.080 [main] INFO  pages.LoginPage - Entering password:secret_sauce
14:05:29.216 [main] INFO  pages.LoginPage - clicking login Button
14:05:29.286 [main] INFO  listners.TestListner - PASS:tc_LT_003_dataDriverValidLogin
]]></system-out>
    <system-err><![CDATA[Jun 18, 2026 2:05:28 PM org.openqa.selenium.devtools.CdpVersionFinder findNearestMatch
WARNING: Unable to find an exact match for CDP version 149, returning the closest version; found: 145; Please update to a Selenium version that supports CDP version 149
]]></system-err>
  </testcase>
  <testcase name="tc_LT_003_dataDriverValidLogin[problem_user, secret_sauce](2)" classname="tests.LoginTest" time="0.496">
    <system-out><![CDATA[>>TearDown Method...Closing Browser
>>>setting browserchrome--Urlhttps://www.saucedemo.com/
14:05:31.025 [main] INFO  listners.TestListner - Test started:tc_LT_003_dataDriverValidLogin
14:05:31.025 [main] INFO  pages.LoginPage - logging as user problem_user
14:05:31.025 [main] INFO  pages.LoginPage - Entering userName:problem_user
14:05:31.262 [main] INFO  pages.LoginPage - Entering password:secret_sauce
14:05:31.429 [main] INFO  pages.LoginPage - clicking login Button
14:05:31.520 [main] INFO  listners.TestListner - PASS:tc_LT_003_dataDriverValidLogin
]]></system-out>
    <system-err><![CDATA[Jun 18, 2026 2:05:30 PM org.openqa.selenium.devtools.CdpVersionFinder findNearestMatch
WARNING: Unable to find an exact match for CDP version 149, returning the closest version; found: 145; Please update to a Selenium version that supports CDP version 149
]]></system-err>
  </testcase>
  <testcase name="tc_LT_003_dataDriverValidLogin[performance_glitch_user, secret_sauce](3)" classname="tests.LoginTest" time="5.397">
    <system-out><![CDATA[>>TearDown Method...Closing Browser
>>>setting browserchrome--Urlhttps://www.saucedemo.com/
14:05:33.303 [main] INFO  listners.TestListner - Test started:tc_LT_003_dataDriverValidLogin
14:05:33.304 [main] INFO  pages.LoginPage - logging as user performance_glitch_user
14:05:33.305 [main] INFO  pages.LoginPage - Entering userName:performance_glitch_user
14:05:33.460 [main] INFO  pages.LoginPage - Entering password:secret_sauce
14:05:33.596 [main] INFO  pages.LoginPage - clicking login Button
14:05:38.697 [main] INFO  listners.TestListner - PASS:tc_LT_003_dataDriverValidLogin
]]></system-out>
    <system-err><![CDATA[Jun 18, 2026 2:05:32 PM org.openqa.selenium.devtools.CdpVersionFinder findNearestMatch
WARNING: Unable to find an exact match for CDP version 149, returning the closest version; found: 145; Please update to a Selenium version that supports CDP version 149
]]></system-err>
  </testcase>
</testsuite>