<?xml version="1.0" encoding="UTF-8"?>
<testng-results ignored="0" total="9" passed="8" failed="1" skipped="0">
  <reporter-output>
  </reporter-output>
  <suite started-at="2026-06-17T17:52:28 IST" name="Default suite" finished-at="2026-06-17T17:53:04 IST" duration-ms="35322">
    <groups>
    </groups>
    <test started-at="2026-06-17T17:52:28 IST" name="Default test" finished-at="2026-06-17T17:53:04 IST" duration-ms="35322">
      <class name="tests.LoginTest">
        <test-method is-config="true" signature="suiteSetUp()[pri:0, instance:tests.LoginTest@1f53a5dc]" started-at="2026-06-17T17:52:28 IST" name="suiteSetUp" finished-at="2026-06-17T17:52:28 IST" duration-ms="167" status="PASS">
          <reporter-output>
          </reporter-output>
        </test-method> <!-- suiteSetUp -->
        <test-method is-config="true" signature="setUp()[pri:0, instance:tests.LoginTest@1f53a5dc]" started-at="2026-06-17T17:52:28 IST" name="setUp" finished-at="2026-06-17T17:52:33 IST" duration-ms="4754" status="PASS">
          <reporter-output>
          </reporter-output>
        </test-method> <!-- setUp -->
        <test-method signature="tc_LT_001_validLogin()[pri:0, instance:tests.LoginTest@1f53a5dc]" started-at="2026-06-17T17:52:33 IST" name="tc_LT_001_validLogin" finished-at="2026-06-17T17:52:34 IST" duration-ms="1046" status="PASS">
          <reporter-output>
          </reporter-output>
        </test-method> <!-- tc_LT_001_validLogin -->
        <test-method is-config="true" signature="tearDown()[pri:0, instance:tests.LoginTest@1f53a5dc]" started-at="2026-06-17T17:52:34 IST" name="tearDown" finished-at="2026-06-17T17:52:34 IST" duration-ms="207" status="PASS">
          <reporter-output>
          </reporter-output>
        </test-method> <!-- tearDown -->
        <test-method is-config="true" signature="setUp()[pri:0, instance:tests.LoginTest@1f53a5dc]" started-at="2026-06-17T17:52:34 IST" name="setUp" finished-at="2026-06-17T17:52:37 IST" duration-ms="3061" status="PASS">
          <reporter-output>
          </reporter-output>
        </test-method> <!-- setUp -->
        <test-method signature="tc_LT_002_lockedOutUser()[pri:0, instance:tests.LoginTest@1f53a5dc]" started-at="2026-06-17T17:52:37 IST" name="tc_LT_002_lockedOutUser" finished-at="2026-06-17T17:52:38 IST" duration-ms="873" status="PASS">
          <reporter-output>
          </reporter-output>
        </test-method> <!-- tc_LT_002_lockedOutUser -->
        <test-method is-config="true" signature="tearDown()[pri:0, instance:tests.LoginTest@1f53a5dc]" started-at="2026-06-17T17:52:38 IST" name="tearDown" finished-at="2026-06-17T17:52:39 IST" duration-ms="248" status="PASS">
          <reporter-output>
          </reporter-output>
        </test-method> <!-- tearDown -->
        <test-method is-config="true" signature="setUp()[pri:0, instance:tests.LoginTest@1f53a5dc]" started-at="2026-06-17T17:52:39 IST" name="setUp" finished-at="2026-06-17T17:52:41 IST" duration-ms="2210" status="PASS">
          <reporter-output>
          </reporter-output>
        </test-method> <!-- setUp -->
        <test-method signature="tc_LT_003_dataDriverInValidLogin(java.lang.String,java.lang.String,java.lang.String)[pri:0, instance:tests.LoginTest@1f53a5dc]" started-at="2026-06-17T17:52:41 IST" name="tc_LT_003_dataDriverInValidLogin" data-provider="invalidLoginData" finished-at="2026-06-17T17:52:42 IST" duration-ms="497" status="PASS">
          <params>
            <param index="0">
              <value>
                <![CDATA[]]>
              </value>
            </param>
            <param index="1">
              <value>
                <![CDATA[secret_sauce]]>
              </value>
            </param>
            <param index="2">
              <value>
                <![CDATA[Epic sadface: Username is required]]>
              </value>
            </param>
          </params>
          <reporter-output>
          </reporter-output>
        </test-method> <!-- tc_LT_003_dataDriverInValidLogin -->
        <test-method is-config="true" signature="tearDown()[pri:0, instance:tests.LoginTest@1f53a5dc]" started-at="2026-06-17T17:52:42 IST" name="tearDown" finished-at="2026-06-17T17:52:42 IST" duration-ms="163" status="PASS">
          <reporter-output>
          </reporter-output>
        </test-method> <!-- tearDown -->
        <test-method is-config="true" signature="setUp()[pri:0, instance:tests.LoginTest@1f53a5dc]" started-at="2026-06-17T17:52:42 IST" name="setUp" finished-at="2026-06-17T17:52:45 IST" duration-ms="2465" status="PASS">
          <reporter-output>
          </reporter-output>
        </test-method> <!-- setUp -->
        <test-method signature="tc_LT_003_dataDriverInValidLogin(java.lang.String,java.lang.String,java.lang.String)[pri:0, instance:tests.LoginTest@1f53a5dc]" started-at="2026-06-17T17:52:45 IST" name="tc_LT_003_dataDriverInValidLogin" data-provider="invalidLoginData" finished-at="2026-06-17T17:52:45 IST" duration-ms="437" status="PASS">
          <params>
            <param index="0">
              <value>
                <![CDATA[standard_user]]>
              </value>
            </param>
            <param index="1">
              <value>
                <![CDATA[]]>
              </value>
            </param>
            <param index="2">
              <value>
                <![CDATA[Password is required]]>
              </value>
            </param>
          </params>
          <reporter-output>
          </reporter-output>
        </test-method> <!-- tc_LT_003_dataDriverInValidLogin -->
        <test-method is-config="true" signature="tearDown()[pri:0, instance:tests.LoginTest@1f53a5dc]" started-at="2026-06-17T17:52:45 IST" name="tearDown" finished-at="2026-06-17T17:52:45 IST" duration-ms="205" status="PASS">
          <reporter-output>
          </reporter-output>
        </test-method> <!-- tearDown -->
        <test-method is-config="true" signature="setUp()[pri:0, instance:tests.LoginTest@1f53a5dc]" started-at="2026-06-17T17:52:45 IST" name="setUp" finished-at="2026-06-17T17:52:48 IST" duration-ms="2442" status="PASS">
          <reporter-output>
          </reporter-output>
        </test-method> <!-- setUp -->
        <test-method signature="tc_LT_003_dataDriverInValidLogin(java.lang.String,java.lang.String,java.lang.String)[pri:0, instance:tests.LoginTest@1f53a5dc]" started-at="2026-06-17T17:52:48 IST" name="tc_LT_003_dataDriverInValidLogin" data-provider="invalidLoginData" finished-at="2026-06-17T17:52:48 IST" duration-ms="541" status="FAIL">
          <params>
            <param index="0">
              <value>
                <![CDATA[wrong_user]]>
              </value>
            </param>
            <param index="1">
              <value>
                <![CDATA[wrong_user]]>
              </value>
            </param>
            <param index="2">
              <value>
                <![CDATA[UserName and Password Donot Match]]>
              </value>
            </param>
          </params>
          <exception class="java.lang.AssertionError">
            <message>
              <![CDATA[Error message Epic sadface: Username and password do not match any user in this service expected [true] but found [false]]]>
            </message>
            <full-stacktrace>
              <![CDATA[java.lang.AssertionError: Error message Epic sadface: Username and password do not match any user in this service expected [true] but found [false]
at org.testng.Assert.fail(Assert.java:111)
at org.testng.Assert.failNotEquals(Assert.java:1590)
at org.testng.Assert.assertTrue(Assert.java:57)
at tests.LoginTest.tc_LT_003_dataDriverInValidLogin(LoginTest.java:42)
at java.base/jdk.internal.reflect.DirectMethodHandleAccessor.invoke(DirectMethodHandleAccessor.java:104)
at java.base/java.lang.reflect.Method.invoke(Method.java:565)
at org.testng.internal.invokers.MethodInvocationHelper.invokeMethod(MethodInvocationHelper.java:141)
at org.testng.internal.invokers.TestInvoker.invokeMethod(TestInvoker.java:687)
at org.testng.internal.invokers.TestInvoker.invokeTestMethod(TestInvoker.java:230)
at org.testng.internal.invokers.MethodRunner.runInSequence(MethodRunner.java:63)
at org.testng.internal.invokers.TestInvoker$MethodInvocationAgent.invoke(TestInvoker.java:995)
at org.testng.internal.invokers.TestInvoker.invokeTestMethods(TestInvoker.java:203)
at org.testng.internal.invokers.TestMethodWorker.invokeTestMethods(TestMethodWorker.java:154)
at org.testng.internal.invokers.TestMethodWorker.run(TestMethodWorker.java:134)
at java.base/java.util.ArrayList.forEach(ArrayList.java:1604)
at org.testng.TestRunner.privateRun(TestRunner.java:741)
at org.testng.TestRunner.run(TestRunner.java:616)
at org.testng.SuiteRunner.runTest(SuiteRunner.java:421)
at org.testng.SuiteRunner.runSequentially(SuiteRunner.java:413)
at org.testng.SuiteRunner.privateRun(SuiteRunner.java:373)
at org.testng.SuiteRunner.run(SuiteRunner.java:312)
at org.testng.SuiteRunnerWorker.runSuite(SuiteRunnerWorker.java:52)
at org.testng.SuiteRunnerWorker.run(SuiteRunnerWorker.java:95)
at org.testng.TestNG.runSuitesSequentially(TestNG.java:1274)
at org.testng.TestNG.runSuitesLocally(TestNG.java:1208)
at org.testng.TestNG.runSuites(TestNG.java:1112)
at org.testng.TestNG.run(TestNG.java:1079)
at org.testng.remote.AbstractRemoteTestNG.run(AbstractRemoteTestNG.java:115)
at org.testng.remote.RemoteTestNG.initAndRun(RemoteTestNG.java:293)
at org.testng.remote.RemoteTestNG.main(RemoteTestNG.java:91)
]]>
            </full-stacktrace>
          </exception> <!-- java.lang.AssertionError -->
          <reporter-output>
          </reporter-output>
        </test-method> <!-- tc_LT_003_dataDriverInValidLogin -->
        <test-method is-config="true" signature="tearDown()[pri:0, instance:tests.LoginTest@1f53a5dc]" started-at="2026-06-17T17:52:48 IST" name="tearDown" finished-at="2026-06-17T17:52:48 IST" duration-ms="174" status="PASS">
          <reporter-output>
          </reporter-output>
        </test-method> <!-- tearDown -->
        <test-method is-config="true" signature="setUp()[pri:0, instance:tests.LoginTest@1f53a5dc]" started-at="2026-06-17T17:52:48 IST" name="setUp" finished-at="2026-06-17T17:52:50 IST" duration-ms="2055" status="PASS">
          <reporter-output>
          </reporter-output>
        </test-method> <!-- setUp -->
        <test-method signature="tc_LT_003_dataDriverInValidLogin(java.lang.String,java.lang.String,java.lang.String)[pri:0, instance:tests.LoginTest@1f53a5dc]" started-at="2026-06-17T17:52:50 IST" name="tc_LT_003_dataDriverInValidLogin" data-provider="invalidLoginData" finished-at="2026-06-17T17:52:51 IST" duration-ms="476" status="PASS">
          <params>
            <param index="0">
              <value>
                <![CDATA[locked_out_user]]>
              </value>
            </param>
            <param index="1">
              <value>
                <![CDATA[secret_sauce]]>
              </value>
            </param>
            <param index="2">
              <value>
                <![CDATA[Sorry, this user has been locked out.]]>
              </value>
            </param>
          </params>
          <reporter-output>
          </reporter-output>
        </test-method> <!-- tc_LT_003_dataDriverInValidLogin -->
        <test-method is-config="true" signature="tearDown()[pri:0, instance:tests.LoginTest@1f53a5dc]" started-at="2026-06-17T17:52:51 IST" name="tearDown" finished-at="2026-06-17T17:52:51 IST" duration-ms="227" status="PASS">
          <reporter-output>
          </reporter-output>
        </test-method> <!-- tearDown -->
        <test-method is-config="true" signature="setUp()[pri:0, instance:tests.LoginTest@1f53a5dc]" started-at="2026-06-17T17:52:51 IST" name="setUp" finished-at="2026-06-17T17:52:53 IST" duration-ms="1937" status="PASS">
          <reporter-output>
          </reporter-output>
        </test-method> <!-- setUp -->
        <test-method signature="tc_LT_003_dataDriverValidLogin(java.lang.String,java.lang.String)[pri:0, instance:tests.LoginTest@1f53a5dc]" started-at="2026-06-17T17:52:53 IST" name="tc_LT_003_dataDriverValidLogin" data-provider="validLoginData" finished-at="2026-06-17T17:52:54 IST" duration-ms="482" status="PASS">
          <params>
            <param index="0">
              <value>
                <![CDATA[standard_user]]>
              </value>
            </param>
            <param index="1">
              <value>
                <![CDATA[secret_sauce]]>
              </value>
            </param>
          </params>
          <reporter-output>
          </reporter-output>
        </test-method> <!-- tc_LT_003_dataDriverValidLogin -->
        <test-method is-config="true" signature="tearDown()[pri:0, instance:tests.LoginTest@1f53a5dc]" started-at="2026-06-17T17:52:54 IST" name="tearDown" finished-at="2026-06-17T17:52:54 IST" duration-ms="175" status="PASS">
          <reporter-output>
          </reporter-output>
        </test-method> <!-- tearDown -->
        <test-method is-config="true" signature="setUp()[pri:0, instance:tests.LoginTest@1f53a5dc]" started-at="2026-06-17T17:52:54 IST" name="setUp" finished-at="2026-06-17T17:52:56 IST" duration-ms="1736" status="PASS">
          <reporter-output>
          </reporter-output>
        </test-method> <!-- setUp -->
        <test-method signature="tc_LT_003_dataDriverValidLogin(java.lang.String,java.lang.String)[pri:0, instance:tests.LoginTest@1f53a5dc]" started-at="2026-06-17T17:52:56 IST" name="tc_LT_003_dataDriverValidLogin" data-provider="validLoginData" finished-at="2026-06-17T17:52:56 IST" duration-ms="510" status="PASS">
          <params>
            <param index="0">
              <value>
                <![CDATA[problem_user]]>
              </value>
            </param>
            <param index="1">
              <value>
                <![CDATA[secret_sauce]]>
              </value>
            </param>
          </params>
          <reporter-output>
          </reporter-output>
        </test-method> <!-- tc_LT_003_dataDriverValidLogin -->
        <test-method is-config="true" signature="tearDown()[pri:0, instance:tests.LoginTest@1f53a5dc]" started-at="2026-06-17T17:52:56 IST" name="tearDown" finished-at="2026-06-17T17:52:56 IST" duration-ms="137" status="PASS">
          <reporter-output>
          </reporter-output>
        </test-method> <!-- tearDown -->
        <test-method is-config="true" signature="setUp()[pri:0, instance:tests.LoginTest@1f53a5dc]" started-at="2026-06-17T17:52:56 IST" name="setUp" finished-at="2026-06-17T17:52:58 IST" duration-ms="1790" status="PASS">
          <reporter-output>
          </reporter-output>
        </test-method> <!-- setUp -->
        <test-method signature="tc_LT_003_dataDriverValidLogin(java.lang.String,java.lang.String)[pri:0, instance:tests.LoginTest@1f53a5dc]" started-at="2026-06-17T17:52:58 IST" name="tc_LT_003_dataDriverValidLogin" data-provider="validLoginData" finished-at="2026-06-17T17:53:03 IST" duration-ms="5468" status="PASS">
          <params>
            <param index="0">
              <value>
                <![CDATA[performance_glitch_user]]>
              </value>
            </param>
            <param index="1">
              <value>
                <![CDATA[secret_sauce]]>
              </value>
            </param>
          </params>
          <reporter-output>
          </reporter-output>
        </test-method> <!-- tc_LT_003_dataDriverValidLogin -->
        <test-method is-config="true" signature="tearDown()[pri:0, instance:tests.LoginTest@1f53a5dc]" started-at="2026-06-17T17:53:03 IST" name="tearDown" finished-at="2026-06-17T17:53:04 IST" duration-ms="172" status="PASS">
          <reporter-output>
          </reporter-output>
        </test-method> <!-- tearDown -->
        <test-method is-config="true" signature="suiteTearDown()[pri:0, instance:tests.LoginTest@1f53a5dc]" started-at="2026-06-17T17:53:04 IST" name="suiteTearDown" finished-at="2026-06-17T17:53:04 IST" duration-ms="176" status="PASS">
          <reporter-output>
          </reporter-output>
        </test-method> <!-- suiteTearDown -->
      </class> <!-- tests.LoginTest -->
    </test> <!-- Default test -->
  </suite> <!-- Default suite -->
</testng-results>
