<?xml version="1.0" encoding="UTF-8"?>
<testng-results ignored="0" total="9" passed="9" failed="0" skipped="0">
  <reporter-output>
  </reporter-output>
  <suite started-at="2026-06-18T17:45:36 IST" name="Hybrid-Framework-Suite" finished-at="2026-06-18T17:46:11 IST" duration-ms="34879">
    <groups>
      <group name="regression">
        <method signature="LoginTest.tc_LT_003_dataDriverValidLogin(java.lang.String,java.lang.String)[pri:0, instance:tests.LoginTest@7ceb3185]" name="tc_LT_003_dataDriverValidLogin" class="tests.LoginTest"/>
      </group> <!-- regression -->
      <group name="smoke">
        <method signature="LoginTest.tc_LT_001_validLogin()[pri:0, instance:tests.LoginTest@7ceb3185]" name="tc_LT_001_validLogin" class="tests.LoginTest"/>
      </group> <!-- smoke -->
    </groups>
    <test started-at="2026-06-18T17:45:36 IST" name="Login-Tests" finished-at="2026-06-18T17:46:11 IST" duration-ms="34879">
      <class name="tests.LoginTest">
        <test-method is-config="true" signature="suiteSetUp()[pri:0, instance:tests.LoginTest@7ceb3185]" started-at="2026-06-18T17:45:36 IST" name="suiteSetUp" finished-at="2026-06-18T17:45:36 IST" duration-ms="124" status="PASS">
          <reporter-output>
          </reporter-output>
        </test-method> <!-- suiteSetUp -->
        <test-method is-config="true" signature="setUp()[pri:0, instance:tests.LoginTest@7ceb3185]" started-at="2026-06-18T17:45:36 IST" name="setUp" finished-at="2026-06-18T17:45:39 IST" duration-ms="2747" status="PASS">
          <reporter-output>
          </reporter-output>
        </test-method> <!-- setUp -->
        <test-method signature="tc_LT_001_validLogin()[pri:0, instance:tests.LoginTest@7ceb3185]" started-at="2026-06-18T17:45:39 IST" name="tc_LT_001_validLogin" finished-at="2026-06-18T17:45:40 IST" duration-ms="989" status="PASS">
          <reporter-output>
          </reporter-output>
        </test-method> <!-- tc_LT_001_validLogin -->
        <test-method is-config="true" signature="tearDown()[pri:0, instance:tests.LoginTest@7ceb3185]" started-at="2026-06-18T17:45:40 IST" name="tearDown" finished-at="2026-06-18T17:45:40 IST" duration-ms="389" status="PASS">
          <reporter-output>
          </reporter-output>
        </test-method> <!-- tearDown -->
        <test-method is-config="true" signature="setUp()[pri:0, instance:tests.LoginTest@7ceb3185]" started-at="2026-06-18T17:45:40 IST" name="setUp" finished-at="2026-06-18T17:45:42 IST" duration-ms="1995" status="PASS">
          <reporter-output>
          </reporter-output>
        </test-method> <!-- setUp -->
        <test-method signature="tc_LT_002_lockedOutUser()[pri:0, instance:tests.LoginTest@7ceb3185]" started-at="2026-06-18T17:45:42 IST" name="tc_LT_002_lockedOutUser" finished-at="2026-06-18T17:45:43 IST" duration-ms="974" status="PASS">
          <reporter-output>
          </reporter-output>
        </test-method> <!-- tc_LT_002_lockedOutUser -->
        <test-method is-config="true" signature="tearDown()[pri:0, instance:tests.LoginTest@7ceb3185]" started-at="2026-06-18T17:45:43 IST" name="tearDown" finished-at="2026-06-18T17:45:43 IST" duration-ms="288" status="PASS">
          <reporter-output>
          </reporter-output>
        </test-method> <!-- tearDown -->
        <test-method is-config="true" signature="setUp()[pri:0, instance:tests.LoginTest@7ceb3185]" started-at="2026-06-18T17:45:44 IST" name="setUp" finished-at="2026-06-18T17:45:46 IST" duration-ms="1966" status="PASS">
          <reporter-output>
          </reporter-output>
        </test-method> <!-- setUp -->
        <test-method signature="tc_LT_003_dataDriverInValidLogin(java.lang.String,java.lang.String,java.lang.String)[pri:0, instance:tests.LoginTest@7ceb3185]" started-at="2026-06-18T17:45:46 IST" name="tc_LT_003_dataDriverInValidLogin" data-provider="invalidLoginData" finished-at="2026-06-18T17:45:46 IST" duration-ms="647" status="PASS">
          <params>
            <param index="0">
              <value>
                <![CDATA[]]>
              </value>
            </param>
            <param index="1">
              <value>
                <![CDATA[secret_sauce]]>
              </value>
            </param>
            <param index="2">
              <value>
                <![CDATA[Epic sadface: Username is required]]>
              </value>
            </param>
          </params>
          <reporter-output>
          </reporter-output>
        </test-method> <!-- tc_LT_003_dataDriverInValidLogin -->
        <test-method is-config="true" signature="tearDown()[pri:0, instance:tests.LoginTest@7ceb3185]" started-at="2026-06-18T17:45:47 IST" name="tearDown" finished-at="2026-06-18T17:45:47 IST" duration-ms="368" status="PASS">
          <reporter-output>
          </reporter-output>
        </test-method> <!-- tearDown -->
        <test-method is-config="true" signature="setUp()[pri:0, instance:tests.LoginTest@7ceb3185]" started-at="2026-06-18T17:45:47 IST" name="setUp" finished-at="2026-06-18T17:45:49 IST" duration-ms="1916" status="PASS">
          <reporter-output>
          </reporter-output>
        </test-method> <!-- setUp -->
        <test-method signature="tc_LT_003_dataDriverInValidLogin(java.lang.String,java.lang.String,java.lang.String)[pri:0, instance:tests.LoginTest@7ceb3185]" started-at="2026-06-18T17:45:49 IST" name="tc_LT_003_dataDriverInValidLogin" data-provider="invalidLoginData" finished-at="2026-06-18T17:45:50 IST" duration-ms="930" status="PASS">
          <params>
            <param index="0">
              <value>
                <![CDATA[standard_user]]>
              </value>
            </param>
            <param index="1">
              <value>
                <![CDATA[]]>
              </value>
            </param>
            <param index="2">
              <value>
                <![CDATA[Password is required]]>
              </value>
            </param>
          </params>
          <reporter-output>
          </reporter-output>
        </test-method> <!-- tc_LT_003_dataDriverInValidLogin -->
        <test-method is-config="true" signature="tearDown()[pri:0, instance:tests.LoginTest@7ceb3185]" started-at="2026-06-18T17:45:50 IST" name="tearDown" finished-at="2026-06-18T17:45:50 IST" duration-ms="310" status="PASS">
          <reporter-output>
          </reporter-output>
        </test-method> <!-- tearDown -->
        <test-method is-config="true" signature="setUp()[pri:0, instance:tests.LoginTest@7ceb3185]" started-at="2026-06-18T17:45:50 IST" name="setUp" finished-at="2026-06-18T17:45:52 IST" duration-ms="1813" status="PASS">
          <reporter-output>
          </reporter-output>
        </test-method> <!-- setUp -->
        <test-method signature="tc_LT_003_dataDriverInValidLogin(java.lang.String,java.lang.String,java.lang.String)[pri:0, instance:tests.LoginTest@7ceb3185]" started-at="2026-06-18T17:45:52 IST" name="tc_LT_003_dataDriverInValidLogin" data-provider="invalidLoginData" finished-at="2026-06-18T17:45:53 IST" duration-ms="789" status="PASS">
          <params>
            <param index="0">
              <value>
                <![CDATA[wrong_user]]>
              </value>
            </param>
            <param index="1">
              <value>
                <![CDATA[wrong_user]]>
              </value>
            </param>
            <param index="2">
              <value>
                <![CDATA[Username and password do not match any user in this service]]>
              </value>
            </param>
          </params>
          <reporter-output>
          </reporter-output>
        </test-method> <!-- tc_LT_003_dataDriverInValidLogin -->
        <test-method is-config="true" signature="tearDown()[pri:0, instance:tests.LoginTest@7ceb3185]" started-at="2026-06-18T17:45:53 IST" name="tearDown" finished-at="2026-06-18T17:45:53 IST" duration-ms="305" status="PASS">
          <reporter-output>
          </reporter-output>
        </test-method> <!-- tearDown -->
        <test-method is-config="true" signature="setUp()[pri:0, instance:tests.LoginTest@7ceb3185]" started-at="2026-06-18T17:45:53 IST" name="setUp" finished-at="2026-06-18T17:45:55 IST" duration-ms="2524" status="PASS">
          <reporter-output>
          </reporter-output>
        </test-method> <!-- setUp -->
        <test-method signature="tc_LT_003_dataDriverInValidLogin(java.lang.String,java.lang.String,java.lang.String)[pri:0, instance:tests.LoginTest@7ceb3185]" started-at="2026-06-18T17:45:55 IST" name="tc_LT_003_dataDriverInValidLogin" data-provider="invalidLoginData" finished-at="2026-06-18T17:45:56 IST" duration-ms="759" status="PASS">
          <params>
            <param index="0">
              <value>
                <![CDATA[locked_out_user]]>
              </value>
            </param>
            <param index="1">
              <value>
                <![CDATA[secret_sauce]]>
              </value>
            </param>
            <param index="2">
              <value>
                <![CDATA[Sorry, this user has been locked out.]]>
              </value>
            </param>
          </params>
          <reporter-output>
          </reporter-output>
        </test-method> <!-- tc_LT_003_dataDriverInValidLogin -->
        <test-method is-config="true" signature="tearDown()[pri:0, instance:tests.LoginTest@7ceb3185]" started-at="2026-06-18T17:45:56 IST" name="tearDown" finished-at="2026-06-18T17:45:57 IST" duration-ms="324" status="PASS">
          <reporter-output>
          </reporter-output>
        </test-method> <!-- tearDown -->
        <test-method is-config="true" signature="setUp()[pri:0, instance:tests.LoginTest@7ceb3185]" started-at="2026-06-18T17:45:57 IST" name="setUp" finished-at="2026-06-18T17:45:59 IST" duration-ms="1993" status="PASS">
          <reporter-output>
          </reporter-output>
        </test-method> <!-- setUp -->
        <test-method signature="tc_LT_003_dataDriverValidLogin(java.lang.String,java.lang.String)[pri:0, instance:tests.LoginTest@7ceb3185]" started-at="2026-06-18T17:45:59 IST" name="tc_LT_003_dataDriverValidLogin" data-provider="validLoginData" finished-at="2026-06-18T17:45:59 IST" duration-ms="720" status="PASS">
          <params>
            <param index="0">
              <value>
                <![CDATA[standard_user]]>
              </value>
            </param>
            <param index="1">
              <value>
                <![CDATA[secret_sauce]]>
              </value>
            </param>
          </params>
          <reporter-output>
          </reporter-output>
        </test-method> <!-- tc_LT_003_dataDriverValidLogin -->
        <test-method is-config="true" signature="tearDown()[pri:0, instance:tests.LoginTest@7ceb3185]" started-at="2026-06-18T17:45:59 IST" name="tearDown" finished-at="2026-06-18T17:46:00 IST" duration-ms="257" status="PASS">
          <reporter-output>
          </reporter-output>
        </test-method> <!-- tearDown -->
        <test-method is-config="true" signature="setUp()[pri:0, instance:tests.LoginTest@7ceb3185]" started-at="2026-06-18T17:46:00 IST" name="setUp" finished-at="2026-06-18T17:46:02 IST" duration-ms="1954" status="PASS">
          <reporter-output>
          </reporter-output>
        </test-method> <!-- setUp -->
        <test-method signature="tc_LT_003_dataDriverValidLogin(java.lang.String,java.lang.String)[pri:0, instance:tests.LoginTest@7ceb3185]" started-at="2026-06-18T17:46:02 IST" name="tc_LT_003_dataDriverValidLogin" data-provider="validLoginData" finished-at="2026-06-18T17:46:02 IST" duration-ms="716" status="PASS">
          <params>
            <param index="0">
              <value>
                <![CDATA[problem_user]]>
              </value>
            </param>
            <param index="1">
              <value>
                <![CDATA[secret_sauce]]>
              </value>
            </param>
          </params>
          <reporter-output>
          </reporter-output>
        </test-method> <!-- tc_LT_003_dataDriverValidLogin -->
        <test-method is-config="true" signature="tearDown()[pri:0, instance:tests.LoginTest@7ceb3185]" started-at="2026-06-18T17:46:02 IST" name="tearDown" finished-at="2026-06-18T17:46:03 IST" duration-ms="256" status="PASS">
          <reporter-output>
          </reporter-output>
        </test-method> <!-- tearDown -->
        <test-method is-config="true" signature="setUp()[pri:0, instance:tests.LoginTest@7ceb3185]" started-at="2026-06-18T17:46:03 IST" name="setUp" finished-at="2026-06-18T17:46:05 IST" duration-ms="2004" status="PASS">
          <reporter-output>
          </reporter-output>
        </test-method> <!-- setUp -->
        <test-method signature="tc_LT_003_dataDriverValidLogin(java.lang.String,java.lang.String)[pri:0, instance:tests.LoginTest@7ceb3185]" started-at="2026-06-18T17:46:05 IST" name="tc_LT_003_dataDriverValidLogin" data-provider="validLoginData" finished-at="2026-06-18T17:46:10 IST" duration-ms="5810" status="PASS">
          <params>
            <param index="0">
              <value>
                <![CDATA[performance_glitch_user]]>
              </value>
            </param>
            <param index="1">
              <value>
                <![CDATA[secret_sauce]]>
              </value>
            </param>
          </params>
          <reporter-output>
          </reporter-output>
        </test-method> <!-- tc_LT_003_dataDriverValidLogin -->
        <test-method is-config="true" signature="tearDown()[pri:0, instance:tests.LoginTest@7ceb3185]" started-at="2026-06-18T17:46:10 IST" name="tearDown" finished-at="2026-06-18T17:46:11 IST" duration-ms="266" status="PASS">
          <reporter-output>
          </reporter-output>
        </test-method> <!-- tearDown -->
        <test-method is-config="true" signature="suiteTearDown()[pri:0, instance:tests.LoginTest@7ceb3185]" started-at="2026-06-18T17:46:11 IST" name="suiteTearDown" finished-at="2026-06-18T17:46:11 IST" duration-ms="11" status="PASS">
          <reporter-output>
          </reporter-output>
        </test-method> <!-- suiteTearDown -->
      </class> <!-- tests.LoginTest -->
    </test> <!-- Login-Tests -->
  </suite> <!-- Hybrid-Framework-Suite -->
</testng-results>
