<?xml version="1.0" encoding="UTF-8"?>
<!-- Generated by org.testng.reporters.JUnitXMLReporter -->
<testsuite ignored="0" hostname="LAPTOP-L5DFEFNE" failures="2" tests="9" name="Login-Tests" time="52.774" errors="0" timestamp="2026-06-12T20:04:50 IST">
  <testcase classname="tests.LoginTest" name="tc_LT_001_validLogin" time="1.512"/>
  <testcase classname="tests.LoginTest" name="tc_LT_002_lockedOutUser" time="1.271"/>
  <testcase classname="tests.LoginTest" name="tc_LT_003_dataDriverInValidLogin" time="1.079">
    <failure type="java.lang.AssertionError" message="Error message Epic sadface: Username is required expected [true] but found [false]">
      <![CDATA[java.lang.AssertionError: Error message Epic sadface: Username is required expected [true] but found [false]
at tests.LoginTest.tc_LT_003_dataDriverInValidLogin(LoginTest.java:42)
at java.base/java.util.ArrayList.forEach(ArrayList.java:1604)
... Removed 28 stack frames]]>
    </failure>
  </testcase> <!-- tc_LT_003_dataDriverInValidLogin -->
  <testcase classname="tests.LoginTest" name="tc_LT_003_dataDriverInValidLogin" time="1.14"/>
  <testcase classname="tests.LoginTest" name="tc_LT_003_dataDriverInValidLogin" time="1.162">
    <failure type="java.lang.AssertionError" message="Error message Epic sadface: Username and password do not match any user in this service expected [true] but found [false]">
      <![CDATA[java.lang.AssertionError: Error message Epic sadface: Username and password do not match any user in this service expected [true] but found [false]
at tests.LoginTest.tc_LT_003_dataDriverInValidLogin(LoginTest.java:42)
at java.base/java.util.ArrayList.forEach(ArrayList.java:1604)
... Removed 28 stack frames]]>
    </failure>
  </testcase> <!-- tc_LT_003_dataDriverInValidLogin -->
  <testcase classname="tests.LoginTest" name="tc_LT_003_dataDriverInValidLogin" time="1.34"/>
  <testcase classname="tests.LoginTest" name="tc_LT_003_dataDriverValidLogin" time="1.217"/>
  <testcase classname="tests.LoginTest" name="tc_LT_003_dataDriverValidLogin" time="1.148"/>
  <testcase classname="tests.LoginTest" name="tc_LT_003_dataDriverValidLogin" time="6.188"/>
</testsuite> <!-- Login-Tests -->
