<?xml version="1.0" encoding="UTF-8"?>
<!-- Generated by org.testng.reporters.JUnitXMLReporter -->
<testsuite ignored="0" hostname="LAPTOP-L5DFEFNE" failures="0" tests="9" name="Login-Tests" time="34.879" errors="0" timestamp="2026-06-18T17:46:11 IST">
  <testcase classname="tests.LoginTest" name="tc_LT_001_validLogin" time="0.989"/>
  <testcase classname="tests.LoginTest" name="tc_LT_002_lockedOutUser" time="0.974"/>
  <testcase classname="tests.LoginTest" name="tc_LT_003_dataDriverInValidLogin" time="0.647"/>
  <testcase classname="tests.LoginTest" name="tc_LT_003_dataDriverInValidLogin" time="0.93"/>
  <testcase classname="tests.LoginTest" name="tc_LT_003_dataDriverInValidLogin" time="0.789"/>
  <testcase classname="tests.LoginTest" name="tc_LT_003_dataDriverInValidLogin" time="0.759"/>
  <testcase classname="tests.LoginTest" name="tc_LT_003_dataDriverValidLogin" time="0.72"/>
  <testcase classname="tests.LoginTest" name="tc_LT_003_dataDriverValidLogin" time="0.716"/>
  <testcase classname="tests.LoginTest" name="tc_LT_003_dataDriverValidLogin" time="5.81"/>
</testsuite> <!-- Login-Tests -->
