<?xml version="1.0" encoding="UTF-8"?>
<!-- Generated by org.testng.reporters.JUnitReportReporter -->
<testsuite hostname="LAPTOP-L5DFEFNE" failures="0" tests="9" name="tests.LoginTest" time="34.009" errors="0" timestamp="2026-06-18T17:46:11 IST" skipped="0">
  <testcase classname="tests.LoginTest" name="tc_LT_003_dataDriverInValidLogin" time="3.059"/>
  <testcase classname="tests.LoginTest" name="tc_LT_003_dataDriverValidLogin" time="2.970"/>
  <testcase classname="tests.LoginTest" name="tc_LT_003_dataDriverInValidLogin" time="2.858"/>
  <testcase classname="tests.LoginTest" name="tc_LT_003_dataDriverValidLogin" time="8.050"/>
  <testcase classname="tests.LoginTest" name="tc_LT_001_validLogin" time="3.311"/>
  <testcase classname="tests.LoginTest" name="tc_LT_002_lockedOutUser" time="3.987"/>
  <testcase classname="tests.LoginTest" name="tc_LT_003_dataDriverInValidLogin" time="2.939"/>
  <testcase classname="tests.LoginTest" name="tc_LT_003_dataDriverValidLogin" time="2.992"/>
  <testcase classname="tests.LoginTest" name="tc_LT_003_dataDriverInValidLogin" time="3.843"/>
</testsuite> <!-- tests.LoginTest -->
