<?xml version="1.0" encoding="UTF-8"?>
<!-- Generated by org.testng.reporters.JUnitReportReporter -->
<testsuite hostname="LAPTOP-L5DFEFNE" failures="0" tests="9" name="tests.LoginTest" time="34.012" errors="0" timestamp="2026-06-18T22:10:13 IST" skipped="0">
  <testcase classname="tests.LoginTest" name="tc_LT_003_dataDriverInValidLogin" time="4.136"/>
  <testcase classname="tests.LoginTest" name="tc_LT_001_validLogin" time="3.298"/>
  <testcase classname="tests.LoginTest" name="tc_LT_003_dataDriverInValidLogin" time="3.276"/>
  <testcase classname="tests.LoginTest" name="tc_LT_003_dataDriverValidLogin" time="2.842"/>
  <testcase classname="tests.LoginTest" name="tc_LT_003_dataDriverValidLogin" time="7.858"/>
  <testcase classname="tests.LoginTest" name="tc_LT_003_dataDriverValidLogin" time="3.141"/>
  <testcase classname="tests.LoginTest" name="tc_LT_003_dataDriverInValidLogin" time="3.023"/>
  <testcase classname="tests.LoginTest" name="tc_LT_002_lockedOutUser" time="3.574"/>
  <testcase classname="tests.LoginTest" name="tc_LT_003_dataDriverInValidLogin" time="2.864"/>
</testsuite> <!-- tests.LoginTest -->
