<?xml version="1.0" encoding="UTF-8"?>
<!-- Generated by org.testng.reporters.JUnitReportReporter -->
<testsuite hostname="LAPTOP-L5DFEFNE" failures="0" tests="9" name="tests.LoginTest" time="37.261" errors="0" timestamp="2026-06-18T18:37:29 IST" skipped="0">
  <testcase classname="tests.LoginTest" name="tc_LT_003_dataDriverInValidLogin" time="2.984"/>
  <testcase classname="tests.LoginTest" name="tc_LT_001_validLogin" time="3.494"/>
  <testcase classname="tests.LoginTest" name="tc_LT_003_dataDriverInValidLogin" time="2.885"/>
  <testcase classname="tests.LoginTest" name="tc_LT_003_dataDriverInValidLogin" time="3.457"/>
  <testcase classname="tests.LoginTest" name="tc_LT_002_lockedOutUser" time="3.526"/>
  <testcase classname="tests.LoginTest" name="tc_LT_003_dataDriverValidLogin" time="3.488"/>
  <testcase classname="tests.LoginTest" name="tc_LT_003_dataDriverInValidLogin" time="6.077"/>
  <testcase classname="tests.LoginTest" name="tc_LT_003_dataDriverValidLogin" time="3.026"/>
  <testcase classname="tests.LoginTest" name="tc_LT_003_dataDriverValidLogin" time="8.324"/>
</testsuite> <!-- tests.LoginTest -->
